Flow report for FULLADD
Thu Aug 31 15:50:45 2023
Quartus Prime Version 18.1.0 Build 625 09/12/2018 SJ Lite Edition


---------------------
; Table of Contents ;
---------------------
  1. Legal Notice
  2. Flow Summary
  3. Flow Settings
  4. Flow Non-Default Global Settings
  5. Flow Elapsed Time
  6. Flow OS Summary
  7. Flow Log
  8. Flow Messages
  9. Flow Suppressed Messages



----------------
; Legal Notice ;
----------------
Copyright (C) 2018  Intel Corporation. All rights reserved.
Your use of Intel Corporation's design tools, logic functions 
and other software and tools, and its AMPP partner logic 
functions, and any output files from any of the foregoing 
(including device programming or simulation files), and any 
associated documentation or information are expressly subject 
to the terms and conditions of the Intel Program License 
Subscription Agreement, the Intel Quartus Prime License Agreement,
the Intel FPGA IP License Agreement, or other applicable license
agreement, including, without limitation, that your use is for
the sole purpose of programming logic devices manufactured by
Intel and sold by Intel or its authorized distributors.  Please
refer to the applicable agreement for further details.



+----------------------------------------------------------------------------------+
; Flow Summary                                                                     ;
+------------------------------------+---------------------------------------------+
; Flow Status                        ; Successful - Thu Aug 31 15:50:45 2023       ;
; Quartus Prime Version              ; 18.1.0 Build 625 09/12/2018 SJ Lite Edition ;
; Revision Name                      ; FULLADD                                     ;
; Top-level Entity Name              ; four_bit_sum_seven_seg                      ;
; Family                             ; MAX 10                                      ;
; Device                             ; 10M50DCF484C7G                              ;
; Timing Models                      ; Final                                       ;
; Total logic elements               ; 34 / 49,760 ( < 1 % )                       ;
;     Total combinational functions  ; 34 / 49,760 ( < 1 % )                       ;
;     Dedicated logic registers      ; 0 / 49,760 ( 0 % )                          ;
; Total registers                    ; 0                                           ;
; Total pins                         ; 34 / 360 ( 9 % )                            ;
; Total virtual pins                 ; 0                                           ;
; Total memory bits                  ; 0 / 1,677,312 ( 0 % )                       ;
; Embedded Multiplier 9-bit elements ; 0 / 288 ( 0 % )                             ;
; Total PLLs                         ; 0 / 4 ( 0 % )                               ;
; UFM blocks                         ; 0 / 1 ( 0 % )                               ;
; ADC blocks                         ; 0                                           ;
+------------------------------------+---------------------------------------------+


+-----------------------------------------+
; Flow Settings                           ;
+-------------------+---------------------+
; Option            ; Setting             ;
+-------------------+---------------------+
; Start date & time ; 08/31/2023 15:33:59 ;
; Main task         ; Compilation         ;
; Revision Name     ; FULLADD             ;
+-------------------+---------------------+


+----------------------------------------------------------------------------------------------------------------------------------------+
; Flow Non-Default Global Settings                                                                                                       ;
+-------------------------------------+----------------------------------------+---------------+------------------------+----------------+
; Assignment Name                     ; Value                                  ; Default Value ; Entity Name            ; Section Id     ;
+-------------------------------------+----------------------------------------+---------------+------------------------+----------------+
; COMPILER_SIGNATURE_ID               ; 172537027825580.169350683925822        ; --            ; --                     ; --             ;
; EDA_GENERATE_FUNCTIONAL_NETLIST     ; On                                     ; --            ; --                     ; eda_simulation ;
; EDA_MAP_ILLEGAL_CHARACTERS          ; On                                     ; --            ; --                     ; eda_simulation ;
; EDA_OUTPUT_DATA_FORMAT              ; Vhdl                                   ; --            ; --                     ; eda_simulation ;
; EDA_SIMULATION_TOOL                 ; ModelSim-Altera (VHDL)                 ; <None>        ; --                     ; --             ;
; EDA_TIME_SCALE                      ; 1 ps                                   ; --            ; --                     ; eda_simulation ;
; MAX_CORE_JUNCTION_TEMP              ; 85                                     ; --            ; --                     ; --             ;
; MIN_CORE_JUNCTION_TEMP              ; 0                                      ; --            ; --                     ; --             ;
; PARTITION_COLOR                     ; -- (Not supported for targeted family) ; --            ; four_bit_sum_seven_seg ; Top            ;
; PARTITION_FITTER_PRESERVATION_LEVEL ; -- (Not supported for targeted family) ; --            ; four_bit_sum_seven_seg ; Top            ;
; PARTITION_NETLIST_TYPE              ; -- (Not supported for targeted family) ; --            ; four_bit_sum_seven_seg ; Top            ;
; POWER_BOARD_THERMAL_MODEL           ; None (CONSERVATIVE)                    ; --            ; --                     ; --             ;
; POWER_PRESET_COOLING_SOLUTION       ; 23 MM HEAT SINK WITH 200 LFPM AIRFLOW  ; --            ; --                     ; --             ;
; PROJECT_OUTPUT_DIRECTORY            ; output_files                           ; --            ; --                     ; --             ;
; TOP_LEVEL_ENTITY                    ; four_bit_sum_seven_seg                 ; FULLADD       ; --                     ; --             ;
+-------------------------------------+----------------------------------------+---------------+------------------------+----------------+


+--------------------------------------------------------------------------------------------------------------------------+
; Flow Elapsed Time                                                                                                        ;
+----------------------+--------------+-------------------------+---------------------+------------------------------------+
; Module Name          ; Elapsed Time ; Average Processors Used ; Peak Virtual Memory ; Total CPU Time (on all processors) ;
+----------------------+--------------+-------------------------+---------------------+------------------------------------+
; Analysis & Synthesis ; 00:00:07     ; 1.0                     ; 943 MB              ; 00:00:17                           ;
; Fitter               ; 00:00:05     ; 1.0                     ; 2373 MB             ; 00:00:09                           ;
; Assembler            ; 00:00:02     ; 1.0                     ; 794 MB              ; 00:00:02                           ;
; Timing Analyzer      ; 00:00:02     ; 1.1                     ; 985 MB              ; 00:00:02                           ;
; EDA Netlist Writer   ; 00:00:00     ; 1.0                     ; 1013 MB             ; 00:00:00                           ;
; EDA Netlist Writer   ; 00:00:00     ; 1.0                     ; 1011 MB             ; 00:00:00                           ;
; EDA Netlist Writer   ; 00:00:00     ; 1.0                     ; 1012 MB             ; 00:00:00                           ;
; EDA Netlist Writer   ; 00:00:00     ; 1.0                     ; 1016 MB             ; 00:00:00                           ;
; EDA Netlist Writer   ; 00:00:00     ; 1.0                     ; 1012 MB             ; 00:00:00                           ;
; EDA Netlist Writer   ; 00:00:00     ; 1.0                     ; 1011 MB             ; 00:00:00                           ;
; EDA Netlist Writer   ; 00:00:00     ; 1.0                     ; 1016 MB             ; 00:00:00                           ;
; EDA Netlist Writer   ; 00:00:01     ; 1.0                     ; 1012 MB             ; 00:00:00                           ;
; EDA Netlist Writer   ; 00:00:01     ; 1.0                     ; 1016 MB             ; 00:00:00                           ;
; Total                ; 00:00:18     ; --                      ; --                  ; 00:00:30                           ;
+----------------------+--------------+-------------------------+---------------------+------------------------------------+


+----------------------------------------------------------------------------------------+
; Flow OS Summary                                                                        ;
+----------------------+------------------+----------------+------------+----------------+
; Module Name          ; Machine Hostname ; OS Name        ; OS Version ; Processor type ;
+----------------------+------------------+----------------+------------+----------------+
; Analysis & Synthesis ; EHGDG15U         ; Ubuntu 20.04.6 ; 20         ; x86_64         ;
; Fitter               ; EHGDG15U         ; Ubuntu 20.04.6 ; 20         ; x86_64         ;
; Assembler            ; EHGDG15U         ; Ubuntu 20.04.6 ; 20         ; x86_64         ;
; Timing Analyzer      ; EHGDG15U         ; Ubuntu 20.04.6 ; 20         ; x86_64         ;
; EDA Netlist Writer   ; EHGDG15U         ; Ubuntu 20.04.6 ; 20         ; x86_64         ;
; EDA Netlist Writer   ; EHGDG15U         ; Ubuntu 20.04.6 ; 20         ; x86_64         ;
; EDA Netlist Writer   ; EHGDG15U         ; Ubuntu 20.04.6 ; 20         ; x86_64         ;
; EDA Netlist Writer   ; EHGDG15U         ; Ubuntu 20.04.6 ; 20         ; x86_64         ;
; EDA Netlist Writer   ; EHGDG15U         ; Ubuntu 20.04.6 ; 20         ; x86_64         ;
; EDA Netlist Writer   ; EHGDG15U         ; Ubuntu 20.04.6 ; 20         ; x86_64         ;
; EDA Netlist Writer   ; EHGDG15U         ; Ubuntu 20.04.6 ; 20         ; x86_64         ;
; EDA Netlist Writer   ; EHGDG15U         ; Ubuntu 20.04.6 ; 20         ; x86_64         ;
; EDA Netlist Writer   ; EHGDG15U         ; Ubuntu 20.04.6 ; 20         ; x86_64         ;
+----------------------+------------------+----------------+------------+----------------+


------------
; Flow Log ;
------------
quartus_map --read_settings_files=on --write_settings_files=off FULLADD -c FULLADD
quartus_fit --read_settings_files=off --write_settings_files=off FULLADD -c FULLADD
quartus_asm --read_settings_files=off --write_settings_files=off FULLADD -c FULLADD
quartus_sta FULLADD -c FULLADD
quartus_eda --read_settings_files=off --write_settings_files=off FULLADD -c FULLADD
quartus_eda --gen_testbench --tool=modelsim_oem --format=vhdl --write_settings_files=off FULLADD -c FULLADD --vector_source=/home/ehg2004/intelFPGA_lite/projects/fulladd_pjct/Waveform7.vwf --testbench_file=/home/ehg2004/intelFPGA_lite/projects/fulladd_pjct/simulation/modelsim/Waveform7.vwf.vht
quartus_eda --gen_testbench --tool=modelsim_oem --format=vhdl --write_settings_files=off FULLADD -c FULLADD --vector_source=/home/ehg2004/intelFPGA_lite/projects/fulladd_pjct/Waveform7.vwf --testbench_file=/home/ehg2004/intelFPGA_lite/projects/fulladd_pjct/simulation/qsim/Waveform7.vwf.vht
quartus_eda --write_settings_files=off --simulation=on --functional=on --flatten_buses=off --tool=modelsim_oem --format=vhdl --output_directory=/home/ehg2004/intelFPGA_lite/projects/fulladd_pjct/simulation/qsim/ FULLADD -c FULLADD
quartus_eda --gen_testbench --tool=modelsim_oem --format=vhdl --write_settings_files=off FULLADD -c FULLADD --vector_source=/home/ehg2004/intelFPGA_lite/projects/fulladd_pjct/Waveform7.vwf --testbench_file=/home/ehg2004/intelFPGA_lite/projects/fulladd_pjct/simulation/modelsim/Waveform7.vwf.vht
quartus_eda --gen_testbench --tool=modelsim_oem --format=vhdl --write_settings_files=off FULLADD -c FULLADD --vector_source=/home/ehg2004/intelFPGA_lite/projects/fulladd_pjct/Waveform7.vwf --testbench_file=/home/ehg2004/intelFPGA_lite/projects/fulladd_pjct/simulation/qsim/Waveform7.vwf.vht
quartus_eda --write_settings_files=off --simulation=on --functional=on --flatten_buses=off --tool=modelsim_oem --format=vhdl --output_directory=/home/ehg2004/intelFPGA_lite/projects/fulladd_pjct/simulation/qsim/ FULLADD -c FULLADD
quartus_eda --gen_testbench --tool=modelsim_oem --format=vhdl --write_settings_files=off FULLADD -c FULLADD --vector_source=/home/ehg2004/intelFPGA_lite/projects/fulladd_pjct/Waveform7.vwf --testbench_file=/home/ehg2004/intelFPGA_lite/projects/fulladd_pjct/simulation/qsim/Waveform7.vwf.vht
quartus_eda --write_settings_files=off --simulation=on --functional=on --flatten_buses=off --tool=modelsim_oem --format=vhdl --output_directory=/home/ehg2004/intelFPGA_lite/projects/fulladd_pjct/simulation/qsim/ FULLADD -c FULLADD



