Analysis & Synthesis report for lab_02_01
Fri Sep 22 08:40:02 2023
Quartus Prime Version 18.1.0 Build 625 09/12/2018 SJ Lite Edition


---------------------
; Table of Contents ;
---------------------
  1. Legal Notice
  2. Analysis & Synthesis Summary
  3. Analysis & Synthesis Settings
  4. Parallel Compilation
  5. Analysis & Synthesis Source Files Read
  6. Analysis & Synthesis Resource Usage Summary
  7. Analysis & Synthesis Resource Utilization by Entity
  8. General Register Statistics
  9. Inverted Register Statistics
 10. Port Connectivity Checks: "conv_HEX_7SEG_v:d3"
 11. Port Connectivity Checks: "conv_HEX_7SEG_v:d2"
 12. Port Connectivity Checks: "conv_HEX_7SEG_v:d1"
 13. Port Connectivity Checks: "conv_HEX_7SEG_v:d0"
 14. Port Connectivity Checks: "twoDigcountDecComp:a1|four_bit_add_sub_b:a2"
 15. Port Connectivity Checks: "twoDigcountDecComp:a1|four_bit_add_sub_b:a1"
 16. Port Connectivity Checks: "twoDigcountDecComp:a1"
 17. Port Connectivity Checks: "twoDigcountInc:a0"
 18. Post-Synthesis Netlist Statistics for Top Partition
 19. Elapsed Time Per Partition
 20. Analysis & Synthesis Messages



----------------
; Legal Notice ;
----------------
Copyright (C) 2018  Intel Corporation. All rights reserved.
Your use of Intel Corporation's design tools, logic functions 
and other software and tools, and its AMPP partner logic 
functions, and any output files from any of the foregoing 
(including device programming or simulation files), and any 
associated documentation or information are expressly subject 
to the terms and conditions of the Intel Program License 
Subscription Agreement, the Intel Quartus Prime License Agreement,
the Intel FPGA IP License Agreement, or other applicable license
agreement, including, without limitation, that your use is for
the sole purpose of programming logic devices manufactured by
Intel and sold by Intel or its authorized distributors.  Please
refer to the applicable agreement for further details.



+----------------------------------------------------------------------------------+
; Analysis & Synthesis Summary                                                     ;
+------------------------------------+---------------------------------------------+
; Analysis & Synthesis Status        ; Successful - Fri Sep 22 08:40:02 2023       ;
; Quartus Prime Version              ; 18.1.0 Build 625 09/12/2018 SJ Lite Edition ;
; Revision Name                      ; lab_02_01                                   ;
; Top-level Entity Name              ; lab_02_01                                   ;
; Family                             ; MAX 10                                      ;
; Total logic elements               ; 112                                         ;
;     Total combinational functions  ; 108                                         ;
;     Dedicated logic registers      ; 53                                          ;
; Total registers                    ; 53                                          ;
; Total pins                         ; 34                                          ;
; Total virtual pins                 ; 0                                           ;
; Total memory bits                  ; 0                                           ;
; Embedded Multiplier 9-bit elements ; 0                                           ;
; Total PLLs                         ; 0                                           ;
; UFM blocks                         ; 0                                           ;
; ADC blocks                         ; 0                                           ;
+------------------------------------+---------------------------------------------+


+------------------------------------------------------------------------------------------------------------+
; Analysis & Synthesis Settings                                                                              ;
+------------------------------------------------------------------+--------------------+--------------------+
; Option                                                           ; Setting            ; Default Value      ;
+------------------------------------------------------------------+--------------------+--------------------+
; Device                                                           ; 10M50DAF484C7G     ;                    ;
; Top-level entity name                                            ; lab_02_01          ; lab_02_01          ;
; Family name                                                      ; MAX 10             ; Cyclone V          ;
; Use smart compilation                                            ; Off                ; Off                ;
; Enable parallel Assembler and Timing Analyzer during compilation ; On                 ; On                 ;
; Enable compact report table                                      ; Off                ; Off                ;
; Restructure Multiplexers                                         ; Auto               ; Auto               ;
; Create Debugging Nodes for IP Cores                              ; Off                ; Off                ;
; Preserve fewer node names                                        ; On                 ; On                 ;
; Intel FPGA IP Evaluation Mode                                    ; Enable             ; Enable             ;
; Verilog Version                                                  ; Verilog_2001       ; Verilog_2001       ;
; VHDL Version                                                     ; VHDL_1993          ; VHDL_1993          ;
; State Machine Processing                                         ; Auto               ; Auto               ;
; Safe State Machine                                               ; Off                ; Off                ;
; Extract Verilog State Machines                                   ; On                 ; On                 ;
; Extract VHDL State Machines                                      ; On                 ; On                 ;
; Ignore Verilog initial constructs                                ; Off                ; Off                ;
; Iteration limit for constant Verilog loops                       ; 5000               ; 5000               ;
; Iteration limit for non-constant Verilog loops                   ; 250                ; 250                ;
; Add Pass-Through Logic to Inferred RAMs                          ; On                 ; On                 ;
; Infer RAMs from Raw Logic                                        ; On                 ; On                 ;
; Parallel Synthesis                                               ; On                 ; On                 ;
; DSP Block Balancing                                              ; Auto               ; Auto               ;
; NOT Gate Push-Back                                               ; On                 ; On                 ;
; Power-Up Don't Care                                              ; On                 ; On                 ;
; Remove Redundant Logic Cells                                     ; Off                ; Off                ;
; Remove Duplicate Registers                                       ; On                 ; On                 ;
; Ignore CARRY Buffers                                             ; Off                ; Off                ;
; Ignore CASCADE Buffers                                           ; Off                ; Off                ;
; Ignore GLOBAL Buffers                                            ; Off                ; Off                ;
; Ignore ROW GLOBAL Buffers                                        ; Off                ; Off                ;
; Ignore LCELL Buffers                                             ; Off                ; Off                ;
; Ignore SOFT Buffers                                              ; On                 ; On                 ;
; Limit AHDL Integers to 32 Bits                                   ; Off                ; Off                ;
; Optimization Technique                                           ; Balanced           ; Balanced           ;
; Carry Chain Length                                               ; 70                 ; 70                 ;
; Auto Carry Chains                                                ; On                 ; On                 ;
; Auto Open-Drain Pins                                             ; On                 ; On                 ;
; Perform WYSIWYG Primitive Resynthesis                            ; Off                ; Off                ;
; Auto ROM Replacement                                             ; On                 ; On                 ;
; Auto RAM Replacement                                             ; On                 ; On                 ;
; Auto DSP Block Replacement                                       ; On                 ; On                 ;
; Auto Shift Register Replacement                                  ; Auto               ; Auto               ;
; Allow Shift Register Merging across Hierarchies                  ; Auto               ; Auto               ;
; Auto Clock Enable Replacement                                    ; On                 ; On                 ;
; Strict RAM Replacement                                           ; Off                ; Off                ;
; Allow Synchronous Control Signals                                ; On                 ; On                 ;
; Force Use of Synchronous Clear Signals                           ; Off                ; Off                ;
; Auto RAM Block Balancing                                         ; On                 ; On                 ;
; Auto RAM to Logic Cell Conversion                                ; Off                ; Off                ;
; Auto Resource Sharing                                            ; Off                ; Off                ;
; Allow Any RAM Size For Recognition                               ; Off                ; Off                ;
; Allow Any ROM Size For Recognition                               ; Off                ; Off                ;
; Allow Any Shift Register Size For Recognition                    ; Off                ; Off                ;
; Use LogicLock Constraints during Resource Balancing              ; On                 ; On                 ;
; Ignore translate_off and synthesis_off directives                ; Off                ; Off                ;
; Timing-Driven Synthesis                                          ; On                 ; On                 ;
; Report Parameter Settings                                        ; On                 ; On                 ;
; Report Source Assignments                                        ; On                 ; On                 ;
; Report Connectivity Checks                                       ; On                 ; On                 ;
; Ignore Maximum Fan-Out Assignments                               ; Off                ; Off                ;
; Synchronization Register Chain Length                            ; 2                  ; 2                  ;
; Power Optimization During Synthesis                              ; Normal compilation ; Normal compilation ;
; HDL message level                                                ; Level2             ; Level2             ;
; Suppress Register Optimization Related Messages                  ; Off                ; Off                ;
; Number of Removed Registers Reported in Synthesis Report         ; 5000               ; 5000               ;
; Number of Swept Nodes Reported in Synthesis Report               ; 5000               ; 5000               ;
; Number of Inverted Registers Reported in Synthesis Report        ; 100                ; 100                ;
; Clock MUX Protection                                             ; On                 ; On                 ;
; Auto Gated Clock Conversion                                      ; Off                ; Off                ;
; Block Design Naming                                              ; Auto               ; Auto               ;
; SDC constraint protection                                        ; Off                ; Off                ;
; Synthesis Effort                                                 ; Auto               ; Auto               ;
; Shift Register Replacement - Allow Asynchronous Clear Signal     ; On                 ; On                 ;
; Pre-Mapping Resynthesis Optimization                             ; Off                ; Off                ;
; Analysis & Synthesis Message Level                               ; Medium             ; Medium             ;
; Disable Register Merging Across Hierarchies                      ; Auto               ; Auto               ;
; Resource Aware Inference For Block RAM                           ; On                 ; On                 ;
+------------------------------------------------------------------+--------------------+--------------------+


+------------------------------------------+
; Parallel Compilation                     ;
+----------------------------+-------------+
; Processors                 ; Number      ;
+----------------------------+-------------+
; Number detected on machine ; 20          ;
; Maximum allowed            ; 14          ;
;                            ;             ;
; Average used               ; 1.00        ;
; Maximum used               ; 14          ;
;                            ;             ;
; Usage by Processor         ; % Time Used ;
;     Processor 1            ; 100.0%      ;
;     Processor 2            ;   0.0%      ;
;     Processors 3-14        ;   0.0%      ;
+----------------------------+-------------+


+---------------------------------------------------------------------------------------------------------------------------------------------------------+
; Analysis & Synthesis Source Files Read                                                                                                                  ;
+----------------------------------+-----------------+-----------------+------------------------------------------------------------------------+---------+
; File Name with User-Entered Path ; Used in Netlist ; File Type       ; File Name with Absolute Path                                           ; Library ;
+----------------------------------+-----------------+-----------------+------------------------------------------------------------------------+---------+
; conv_HEX_7SEG_v.vhd              ; yes             ; User VHDL File  ; /home/ehg2004/intelFPGA_lite/projects/lab_02_01/conv_HEX_7SEG_v.vhd    ;         ;
; Timing_Reference.vhd             ; yes             ; User VHDL File  ; /home/ehg2004/intelFPGA_lite/projects/lab_02_01/Timing_Reference.vhd   ;         ;
; four_bit_add_sub_b.vhd           ; yes             ; User VHDL File  ; /home/ehg2004/intelFPGA_lite/projects/lab_02_01/four_bit_add_sub_b.vhd ;         ;
; four_bit_add.vhd                 ; yes             ; User VHDL File  ; /home/ehg2004/intelFPGA_lite/projects/lab_02_01/four_bit_add.vhd       ;         ;
; four_bit_inv.vhd                 ; yes             ; User VHDL File  ; /home/ehg2004/intelFPGA_lite/projects/lab_02_01/four_bit_inv.vhd       ;         ;
; add_s.vhd                        ; yes             ; User VHDL File  ; /home/ehg2004/intelFPGA_lite/projects/lab_02_01/add_s.vhd              ;         ;
; detVerInc.vhd                    ; yes             ; User VHDL File  ; /home/ehg2004/intelFPGA_lite/projects/lab_02_01/detVerInc.vhd          ;         ;
; countInc.vhd                     ; yes             ; User VHDL File  ; /home/ehg2004/intelFPGA_lite/projects/lab_02_01/countInc.vhd           ;         ;
; twoDigcountInc.vhd               ; yes             ; User VHDL File  ; /home/ehg2004/intelFPGA_lite/projects/lab_02_01/twoDigcountInc.vhd     ;         ;
; twoDigcountDecComp.vhd           ; yes             ; User VHDL File  ; /home/ehg2004/intelFPGA_lite/projects/lab_02_01/twoDigcountDecComp.vhd ;         ;
; lab_02_01.vhd                    ; yes             ; User VHDL File  ; /home/ehg2004/intelFPGA_lite/projects/lab_02_01/lab_02_01.vhd          ;         ;
+----------------------------------+-----------------+-----------------+------------------------------------------------------------------------+---------+


+---------------------------------------------------------+
; Analysis & Synthesis Resource Usage Summary             ;
+---------------------------------------------+-----------+
; Resource                                    ; Usage     ;
+---------------------------------------------+-----------+
; Estimated Total logic elements              ; 112       ;
;                                             ;           ;
; Total combinational functions               ; 108       ;
; Logic element usage by number of LUT inputs ;           ;
;     -- 4 input functions                    ; 46        ;
;     -- 3 input functions                    ; 13        ;
;     -- <=2 input functions                  ; 49        ;
;                                             ;           ;
; Logic elements by mode                      ;           ;
;     -- normal mode                          ; 77        ;
;     -- arithmetic mode                      ; 31        ;
;                                             ;           ;
; Total registers                             ; 53        ;
;     -- Dedicated logic registers            ; 53        ;
;     -- I/O registers                        ; 0         ;
;                                             ;           ;
; I/O pins                                    ; 34        ;
;                                             ;           ;
; Embedded Multiplier 9-bit elements          ; 0         ;
;                                             ;           ;
; Maximum fan-out node                        ; clk~input ;
; Maximum fan-out                             ; 33        ;
; Total fan-out                               ; 488       ;
; Average fan-out                             ; 2.13      ;
+---------------------------------------------+-----------+


+---------------------------------------------------------------------------------------------------------------------------------------------------------------------------------------------------------------------------------------------------------------------------------------------------+
; Analysis & Synthesis Resource Utilization by Entity                                                                                                                                                                                                                                               ;
+----------------------------+---------------------+---------------------------+-------------+------------+--------------+---------+-----------+------+--------------+------------+-----------------------------------------------------------------------------+--------------------+--------------+
; Compilation Hierarchy Node ; Combinational ALUTs ; Dedicated Logic Registers ; Memory Bits ; UFM Blocks ; DSP Elements ; DSP 9x9 ; DSP 18x18 ; Pins ; Virtual Pins ; ADC blocks ; Full Hierarchy Name                                                         ; Entity Name        ; Library Name ;
+----------------------------+---------------------+---------------------------+-------------+------------+--------------+---------+-----------+------+--------------+------------+-----------------------------------------------------------------------------+--------------------+--------------+
; |lab_02_01                 ; 108 (0)             ; 53 (0)                    ; 0           ; 0          ; 0            ; 0       ; 0         ; 34   ; 0            ; 0          ; |lab_02_01                                                                  ; lab_02_01          ; work         ;
;    |Timing_Reference:aa|   ; 56 (56)             ; 33 (33)                   ; 0           ; 0          ; 0            ; 0       ; 0         ; 0    ; 0            ; 0          ; |lab_02_01|Timing_Reference:aa                                              ; Timing_Reference   ; work         ;
;    |conv_HEX_7SEG_v:d0|    ; 7 (7)               ; 0 (0)                     ; 0           ; 0          ; 0            ; 0       ; 0         ; 0    ; 0            ; 0          ; |lab_02_01|conv_HEX_7SEG_v:d0                                               ; conv_HEX_7SEG_v    ; work         ;
;    |conv_HEX_7SEG_v:d1|    ; 7 (7)               ; 0 (0)                     ; 0           ; 0          ; 0            ; 0       ; 0         ; 0    ; 0            ; 0          ; |lab_02_01|conv_HEX_7SEG_v:d1                                               ; conv_HEX_7SEG_v    ; work         ;
;    |conv_HEX_7SEG_v:d2|    ; 7 (7)               ; 0 (0)                     ; 0           ; 0          ; 0            ; 0       ; 0         ; 0    ; 0            ; 0          ; |lab_02_01|conv_HEX_7SEG_v:d2                                               ; conv_HEX_7SEG_v    ; work         ;
;    |conv_HEX_7SEG_v:d3|    ; 7 (7)               ; 0 (0)                     ; 0           ; 0          ; 0            ; 0       ; 0         ; 0    ; 0            ; 0          ; |lab_02_01|conv_HEX_7SEG_v:d3                                               ; conv_HEX_7SEG_v    ; work         ;
;    |twoDigcountDecComp:a1| ; 12 (0)              ; 10 (0)                    ; 0           ; 0          ; 0            ; 0       ; 0         ; 0    ; 0            ; 0          ; |lab_02_01|twoDigcountDecComp:a1                                            ; twoDigcountDecComp ; work         ;
;       |twoDigcountInc:a0|  ; 12 (0)              ; 10 (0)                    ; 0           ; 0          ; 0            ; 0       ; 0         ; 0    ; 0            ; 0          ; |lab_02_01|twoDigcountDecComp:a1|twoDigcountInc:a0                          ; twoDigcountInc     ; work         ;
;          |countInc:a0|     ; 6 (4)               ; 5 (4)                     ; 0           ; 0          ; 0            ; 0       ; 0         ; 0    ; 0            ; 0          ; |lab_02_01|twoDigcountDecComp:a1|twoDigcountInc:a0|countInc:a0              ; countInc           ; work         ;
;             |detVerInc:a2| ; 2 (2)               ; 1 (1)                     ; 0           ; 0          ; 0            ; 0       ; 0         ; 0    ; 0            ; 0          ; |lab_02_01|twoDigcountDecComp:a1|twoDigcountInc:a0|countInc:a0|detVerInc:a2 ; detVerInc          ; work         ;
;          |countInc:a1|     ; 6 (4)               ; 5 (4)                     ; 0           ; 0          ; 0            ; 0       ; 0         ; 0    ; 0            ; 0          ; |lab_02_01|twoDigcountDecComp:a1|twoDigcountInc:a0|countInc:a1              ; countInc           ; work         ;
;             |detVerInc:a2| ; 2 (2)               ; 1 (1)                     ; 0           ; 0          ; 0            ; 0       ; 0         ; 0    ; 0            ; 0          ; |lab_02_01|twoDigcountDecComp:a1|twoDigcountInc:a0|countInc:a1|detVerInc:a2 ; detVerInc          ; work         ;
;    |twoDigcountInc:a0|     ; 12 (0)              ; 10 (0)                    ; 0           ; 0          ; 0            ; 0       ; 0         ; 0    ; 0            ; 0          ; |lab_02_01|twoDigcountInc:a0                                                ; twoDigcountInc     ; work         ;
;       |countInc:a0|        ; 6 (4)               ; 5 (4)                     ; 0           ; 0          ; 0            ; 0       ; 0         ; 0    ; 0            ; 0          ; |lab_02_01|twoDigcountInc:a0|countInc:a0                                    ; countInc           ; work         ;
;          |detVerInc:a2|    ; 2 (2)               ; 1 (1)                     ; 0           ; 0          ; 0            ; 0       ; 0         ; 0    ; 0            ; 0          ; |lab_02_01|twoDigcountInc:a0|countInc:a0|detVerInc:a2                       ; detVerInc          ; work         ;
;       |countInc:a1|        ; 6 (4)               ; 5 (4)                     ; 0           ; 0          ; 0            ; 0       ; 0         ; 0    ; 0            ; 0          ; |lab_02_01|twoDigcountInc:a0|countInc:a1                                    ; countInc           ; work         ;
;          |detVerInc:a2|    ; 2 (2)               ; 1 (1)                     ; 0           ; 0          ; 0            ; 0       ; 0         ; 0    ; 0            ; 0          ; |lab_02_01|twoDigcountInc:a0|countInc:a1|detVerInc:a2                       ; detVerInc          ; work         ;
+----------------------------+---------------------+---------------------------+-------------+------------+--------------+---------+-----------+------+--------------+------------+-----------------------------------------------------------------------------+--------------------+--------------+
Note: For table entries with two numbers listed, the numbers in parentheses indicate the number of resources of the given type used by the specific entity alone. The numbers listed outside of parentheses indicate the total resources of the given type used by the specific entity and all of its sub-entities in the hierarchy.


+------------------------------------------------------+
; General Register Statistics                          ;
+----------------------------------------------+-------+
; Statistic                                    ; Value ;
+----------------------------------------------+-------+
; Total registers                              ; 53    ;
; Number of registers using Synchronous Clear  ; 0     ;
; Number of registers using Synchronous Load   ; 0     ;
; Number of registers using Asynchronous Clear ; 20    ;
; Number of registers using Asynchronous Load  ; 0     ;
; Number of registers using Clock Enable       ; 0     ;
; Number of registers using Preset             ; 0     ;
+----------------------------------------------+-------+


+--------------------------------------------------+
; Inverted Register Statistics                     ;
+----------------------------------------+---------+
; Inverted Register                      ; Fan out ;
+----------------------------------------+---------+
; Timing_Reference:aa|count[0]           ; 2       ;
; Total number of inverted registers = 1 ;         ;
+----------------------------------------+---------+


+------------------------------------------------+
; Port Connectivity Checks: "conv_HEX_7SEG_v:d3" ;
+--------+-------+----------+--------------------+
; Port   ; Type  ; Severity ; Details            ;
+--------+-------+----------+--------------------+
; ph     ; Input ; Info     ; Stuck at GND       ;
; dot_in ; Input ; Info     ; Stuck at GND       ;
+--------+-------+----------+--------------------+


+------------------------------------------------+
; Port Connectivity Checks: "conv_HEX_7SEG_v:d2" ;
+--------+-------+----------+--------------------+
; Port   ; Type  ; Severity ; Details            ;
+--------+-------+----------+--------------------+
; ph     ; Input ; Info     ; Stuck at GND       ;
; dot_in ; Input ; Info     ; Stuck at GND       ;
+--------+-------+----------+--------------------+


+------------------------------------------------+
; Port Connectivity Checks: "conv_HEX_7SEG_v:d1" ;
+--------+-------+----------+--------------------+
; Port   ; Type  ; Severity ; Details            ;
+--------+-------+----------+--------------------+
; ph     ; Input ; Info     ; Stuck at GND       ;
; dot_in ; Input ; Info     ; Stuck at GND       ;
+--------+-------+----------+--------------------+


+------------------------------------------------+
; Port Connectivity Checks: "conv_HEX_7SEG_v:d0" ;
+--------+-------+----------+--------------------+
; Port   ; Type  ; Severity ; Details            ;
+--------+-------+----------+--------------------+
; ph     ; Input ; Info     ; Stuck at GND       ;
; dot_in ; Input ; Info     ; Stuck at GND       ;
+--------+-------+----------+--------------------+


+-------------------------------------------------------------------------------------------------------------------+
; Port Connectivity Checks: "twoDigcountDecComp:a1|four_bit_add_sub_b:a2"                                           ;
+---------+--------+----------+-------------------------------------------------------------------------------------+
; Port    ; Type   ; Severity ; Details                                                                             ;
+---------+--------+----------+-------------------------------------------------------------------------------------+
; a[2..1] ; Input  ; Info     ; Stuck at GND                                                                        ;
; a[3]    ; Input  ; Info     ; Stuck at VCC                                                                        ;
; a[0]    ; Input  ; Info     ; Stuck at VCC                                                                        ;
; ctrl    ; Input  ; Info     ; Stuck at VCC                                                                        ;
; cout    ; Output ; Info     ; Connected to dangling logic. Logic that only feeds a dangling port will be removed. ;
; a_b     ; Output ; Info     ; Connected to dangling logic. Logic that only feeds a dangling port will be removed. ;
; b_b     ; Output ; Info     ; Connected to dangling logic. Logic that only feeds a dangling port will be removed. ;
+---------+--------+----------+-------------------------------------------------------------------------------------+


+-------------------------------------------------------------------------------------------------------------------+
; Port Connectivity Checks: "twoDigcountDecComp:a1|four_bit_add_sub_b:a1"                                           ;
+---------+--------+----------+-------------------------------------------------------------------------------------+
; Port    ; Type   ; Severity ; Details                                                                             ;
+---------+--------+----------+-------------------------------------------------------------------------------------+
; a[2..1] ; Input  ; Info     ; Stuck at GND                                                                        ;
; a[3]    ; Input  ; Info     ; Stuck at VCC                                                                        ;
; a[0]    ; Input  ; Info     ; Stuck at VCC                                                                        ;
; ctrl    ; Input  ; Info     ; Stuck at VCC                                                                        ;
; cout    ; Output ; Info     ; Connected to dangling logic. Logic that only feeds a dangling port will be removed. ;
; a_b     ; Output ; Info     ; Connected to dangling logic. Logic that only feeds a dangling port will be removed. ;
; b_b     ; Output ; Info     ; Connected to dangling logic. Logic that only feeds a dangling port will be removed. ;
+---------+--------+----------+-------------------------------------------------------------------------------------+


+----------------------------------------------------------------------------------------------------------------+
; Port Connectivity Checks: "twoDigcountDecComp:a1"                                                              ;
+------+--------+----------+-------------------------------------------------------------------------------------+
; Port ; Type   ; Severity ; Details                                                                             ;
+------+--------+----------+-------------------------------------------------------------------------------------+
; co   ; Output ; Info     ; Connected to dangling logic. Logic that only feeds a dangling port will be removed. ;
+------+--------+----------+-------------------------------------------------------------------------------------+


+----------------------------------------------------------------------------------------------------------------+
; Port Connectivity Checks: "twoDigcountInc:a0"                                                                  ;
+------+--------+----------+-------------------------------------------------------------------------------------+
; Port ; Type   ; Severity ; Details                                                                             ;
+------+--------+----------+-------------------------------------------------------------------------------------+
; co   ; Output ; Info     ; Connected to dangling logic. Logic that only feeds a dangling port will be removed. ;
+------+--------+----------+-------------------------------------------------------------------------------------+


+-----------------------------------------------------+
; Post-Synthesis Netlist Statistics for Top Partition ;
+-----------------------+-----------------------------+
; Type                  ; Count                       ;
+-----------------------+-----------------------------+
; boundary_port         ; 34                          ;
; cycloneiii_ff         ; 53                          ;
;     CLR               ; 20                          ;
;     plain             ; 33                          ;
; cycloneiii_lcell_comb ; 109                         ;
;     arith             ; 31                          ;
;         2 data inputs ; 31                          ;
;     normal            ; 78                          ;
;         0 data inputs ; 1                           ;
;         1 data inputs ; 18                          ;
;         3 data inputs ; 13                          ;
;         4 data inputs ; 46                          ;
;                       ;                             ;
; Max LUT depth         ; 4.30                        ;
; Average LUT depth     ; 2.47                        ;
+-----------------------+-----------------------------+


+-------------------------------+
; Elapsed Time Per Partition    ;
+----------------+--------------+
; Partition Name ; Elapsed Time ;
+----------------+--------------+
; Top            ; 00:00:00     ;
+----------------+--------------+


+-------------------------------+
; Analysis & Synthesis Messages ;
+-------------------------------+
Info: *******************************************************************
Info: Running Quartus Prime Analysis & Synthesis
    Info: Version 18.1.0 Build 625 09/12/2018 SJ Lite Edition
    Info: Processing started: Fri Sep 22 08:39:55 2023
Info: Command: quartus_map --read_settings_files=on --write_settings_files=off lab_02_01 -c lab_02_01
Warning (18236): Number of processors has not been specified which may cause overloading on shared machines.  Set the global assignment NUM_PARALLEL_PROCESSORS in your QSF to an appropriate value for best performance.
Info (20030): Parallel compilation is enabled and will use 14 of the 14 processors detected
Info (12021): Found 2 design units, including 1 entities, in source file conv_HEX_7SEG_v.vhd
    Info (12022): Found design unit 1: conv_HEX_7SEG_v-conv_HEX_7SEG_v_arch File: /home/ehg2004/intelFPGA_lite/projects/lab_02_01/conv_HEX_7SEG_v.vhd Line: 12
    Info (12023): Found entity 1: conv_HEX_7SEG_v File: /home/ehg2004/intelFPGA_lite/projects/lab_02_01/conv_HEX_7SEG_v.vhd Line: 4
Info (12021): Found 2 design units, including 1 entities, in source file Timing_Reference.vhd
    Info (12022): Found design unit 1: Timing_Reference-freq_div File: /home/ehg2004/intelFPGA_lite/projects/lab_02_01/Timing_Reference.vhd Line: 11
    Info (12023): Found entity 1: Timing_Reference File: /home/ehg2004/intelFPGA_lite/projects/lab_02_01/Timing_Reference.vhd Line: 5
Info (12021): Found 2 design units, including 1 entities, in source file four_bit_add_sub_b.vhd
    Info (12022): Found design unit 1: four_bit_add_sub_b-four_bit_add_sub_b_arch File: /home/ehg2004/intelFPGA_lite/projects/lab_02_01/four_bit_add_sub_b.vhd Line: 16
    Info (12023): Found entity 1: four_bit_add_sub_b File: /home/ehg2004/intelFPGA_lite/projects/lab_02_01/four_bit_add_sub_b.vhd Line: 4
Info (12021): Found 2 design units, including 1 entities, in source file four_bit_sum_seven_seg.vhd
    Info (12022): Found design unit 1: four_bit_sum_seven_seg-four_bit_sum_seven_seg_arch File: /home/ehg2004/intelFPGA_lite/projects/lab_02_01/four_bit_sum_seven_seg.vhd Line: 13
    Info (12023): Found entity 1: four_bit_sum_seven_seg File: /home/ehg2004/intelFPGA_lite/projects/lab_02_01/four_bit_sum_seven_seg.vhd Line: 4
Info (12021): Found 2 design units, including 1 entities, in source file four_bit_add.vhd
    Info (12022): Found design unit 1: four_bit_add-four_bit_add_arch File: /home/ehg2004/intelFPGA_lite/projects/lab_02_01/four_bit_add.vhd Line: 14
    Info (12023): Found entity 1: four_bit_add File: /home/ehg2004/intelFPGA_lite/projects/lab_02_01/four_bit_add.vhd Line: 4
Info (12021): Found 2 design units, including 1 entities, in source file four_bit_inv.vhd
    Info (12022): Found design unit 1: four_bit_inv-four_bit_inv_arch File: /home/ehg2004/intelFPGA_lite/projects/lab_02_01/four_bit_inv.vhd Line: 12
    Info (12023): Found entity 1: four_bit_inv File: /home/ehg2004/intelFPGA_lite/projects/lab_02_01/four_bit_inv.vhd Line: 4
Info (12021): Found 2 design units, including 1 entities, in source file add_s.vhd
    Info (12022): Found design unit 1: add_s-arc_add File: /home/ehg2004/intelFPGA_lite/projects/lab_02_01/add_s.vhd Line: 9
    Info (12023): Found entity 1: add_s File: /home/ehg2004/intelFPGA_lite/projects/lab_02_01/add_s.vhd Line: 3
Info (12021): Found 2 design units, including 1 entities, in source file detVerInc.vhd
    Info (12022): Found design unit 1: detVerInc-detVerInc_arch File: /home/ehg2004/intelFPGA_lite/projects/lab_02_01/detVerInc.vhd Line: 14
    Info (12023): Found entity 1: detVerInc File: /home/ehg2004/intelFPGA_lite/projects/lab_02_01/detVerInc.vhd Line: 4
Info (12021): Found 2 design units, including 1 entities, in source file countInc.vhd
    Info (12022): Found design unit 1: countInc-countInc_arch File: /home/ehg2004/intelFPGA_lite/projects/lab_02_01/countInc.vhd Line: 13
    Info (12023): Found entity 1: countInc File: /home/ehg2004/intelFPGA_lite/projects/lab_02_01/countInc.vhd Line: 3
Info (12021): Found 2 design units, including 1 entities, in source file twoDigcountInc.vhd
    Info (12022): Found design unit 1: twoDigcountInc-twoDigcountInc_arch File: /home/ehg2004/intelFPGA_lite/projects/lab_02_01/twoDigcountInc.vhd Line: 10
    Info (12023): Found entity 1: twoDigcountInc File: /home/ehg2004/intelFPGA_lite/projects/lab_02_01/twoDigcountInc.vhd Line: 3
Info (12021): Found 2 design units, including 1 entities, in source file detVerDec.vhd
    Info (12022): Found design unit 1: detVerDec-detVerDec_arch File: /home/ehg2004/intelFPGA_lite/projects/lab_02_01/detVerDec.vhd Line: 14
    Info (12023): Found entity 1: detVerDec File: /home/ehg2004/intelFPGA_lite/projects/lab_02_01/detVerDec.vhd Line: 4
Info (12021): Found 2 design units, including 1 entities, in source file countDec.vhd
    Info (12022): Found design unit 1: countDec-countDec_arch File: /home/ehg2004/intelFPGA_lite/projects/lab_02_01/countDec.vhd Line: 13
    Info (12023): Found entity 1: countDec File: /home/ehg2004/intelFPGA_lite/projects/lab_02_01/countDec.vhd Line: 3
Info (12021): Found 2 design units, including 1 entities, in source file twoDigcountDec.vhd
    Info (12022): Found design unit 1: twoDigcountDec-twoDigcountDec_arch File: /home/ehg2004/intelFPGA_lite/projects/lab_02_01/twoDigcountDec.vhd Line: 10
    Info (12023): Found entity 1: twoDigcountDec File: /home/ehg2004/intelFPGA_lite/projects/lab_02_01/twoDigcountDec.vhd Line: 3
Info (12021): Found 2 design units, including 1 entities, in source file twoDigcountDecComp.vhd
    Info (12022): Found design unit 1: twoDigcountDecComp-twoDigcountDecComp_arch File: /home/ehg2004/intelFPGA_lite/projects/lab_02_01/twoDigcountDecComp.vhd Line: 10
    Info (12023): Found entity 1: twoDigcountDecComp File: /home/ehg2004/intelFPGA_lite/projects/lab_02_01/twoDigcountDecComp.vhd Line: 3
Info (12021): Found 2 design units, including 1 entities, in source file lab_02_01.vhd
    Info (12022): Found design unit 1: lab_02_01-lab_02_01_arch File: /home/ehg2004/intelFPGA_lite/projects/lab_02_01/lab_02_01.vhd Line: 10
    Info (12023): Found entity 1: lab_02_01 File: /home/ehg2004/intelFPGA_lite/projects/lab_02_01/lab_02_01.vhd Line: 3
Info (12127): Elaborating entity "lab_02_01" for the top level hierarchy
Warning (10036): Verilog HDL or VHDL warning at lab_02_01.vhd(43): object "o_Co_s" assigned a value but never read File: /home/ehg2004/intelFPGA_lite/projects/lab_02_01/lab_02_01.vhd Line: 43
Info (12128): Elaborating entity "Timing_Reference" for hierarchy "Timing_Reference:aa" File: /home/ehg2004/intelFPGA_lite/projects/lab_02_01/lab_02_01.vhd Line: 48
Warning (10492): VHDL Process Statement warning at Timing_Reference.vhd(27): signal "tmp" is read inside the Process Statement but isn't in the Process Statement's sensitivity list File: /home/ehg2004/intelFPGA_lite/projects/lab_02_01/Timing_Reference.vhd Line: 27
Info (12128): Elaborating entity "twoDigcountInc" for hierarchy "twoDigcountInc:a0" File: /home/ehg2004/intelFPGA_lite/projects/lab_02_01/lab_02_01.vhd Line: 54
Info (12128): Elaborating entity "countInc" for hierarchy "twoDigcountInc:a0|countInc:a0" File: /home/ehg2004/intelFPGA_lite/projects/lab_02_01/twoDigcountInc.vhd Line: 27
Info (12128): Elaborating entity "detVerInc" for hierarchy "twoDigcountInc:a0|countInc:a0|detVerInc:a2" File: /home/ehg2004/intelFPGA_lite/projects/lab_02_01/countInc.vhd Line: 40
Info (12128): Elaborating entity "twoDigcountDecComp" for hierarchy "twoDigcountDecComp:a1" File: /home/ehg2004/intelFPGA_lite/projects/lab_02_01/lab_02_01.vhd Line: 60
Info (12128): Elaborating entity "four_bit_add_sub_b" for hierarchy "twoDigcountDecComp:a1|four_bit_add_sub_b:a1" File: /home/ehg2004/intelFPGA_lite/projects/lab_02_01/twoDigcountDecComp.vhd Line: 45
Info (12128): Elaborating entity "four_bit_inv" for hierarchy "twoDigcountDecComp:a1|four_bit_add_sub_b:a1|four_bit_inv:action_01" File: /home/ehg2004/intelFPGA_lite/projects/lab_02_01/four_bit_add_sub_b.vhd Line: 63
Info (12128): Elaborating entity "four_bit_add" for hierarchy "twoDigcountDecComp:a1|four_bit_add_sub_b:a1|four_bit_add:action_02" File: /home/ehg2004/intelFPGA_lite/projects/lab_02_01/four_bit_add_sub_b.vhd Line: 64
Info (12128): Elaborating entity "add_s" for hierarchy "twoDigcountDecComp:a1|four_bit_add_sub_b:a1|four_bit_add:action_02|add_s:\gen:0:action" File: /home/ehg2004/intelFPGA_lite/projects/lab_02_01/four_bit_add.vhd Line: 24
Info (12128): Elaborating entity "conv_HEX_7SEG_v" for hierarchy "conv_HEX_7SEG_v:d0" File: /home/ehg2004/intelFPGA_lite/projects/lab_02_01/lab_02_01.vhd Line: 65
Warning (13024): Output pins are stuck at VCC or GND
    Warning (13410): Pin "Dec0[7]" is stuck at VCC File: /home/ehg2004/intelFPGA_lite/projects/lab_02_01/lab_02_01.vhd Line: 5
    Warning (13410): Pin "Dec1[7]" is stuck at VCC File: /home/ehg2004/intelFPGA_lite/projects/lab_02_01/lab_02_01.vhd Line: 5
    Warning (13410): Pin "Inc0[7]" is stuck at VCC File: /home/ehg2004/intelFPGA_lite/projects/lab_02_01/lab_02_01.vhd Line: 5
    Warning (13410): Pin "Inc1[7]" is stuck at VCC File: /home/ehg2004/intelFPGA_lite/projects/lab_02_01/lab_02_01.vhd Line: 5
Info (286030): Timing-Driven Synthesis is running
Info (16010): Generating hard_block partition "hard_block:auto_generated_inst"
    Info (16011): Adding 0 node(s), including 0 DDIO, 0 PLL, 0 transceiver and 0 LCELL
Info (21057): Implemented 146 device resources after synthesis - the final resource count might be different
    Info (21058): Implemented 1 input pins
    Info (21059): Implemented 33 output pins
    Info (21061): Implemented 112 logic cells
Info: Quartus Prime Analysis & Synthesis was successful. 0 errors, 8 warnings
    Info: Peak virtual memory: 1030 megabytes
    Info: Processing ended: Fri Sep 22 08:40:02 2023
    Info: Elapsed time: 00:00:07
    Info: Total CPU time (on all processors): 00:00:18


