Analysis & Synthesis report for lab_03
Thu Sep 28 15:07:33 2023
Quartus Prime Version 18.1.0 Build 625 09/12/2018 SJ Lite Edition


---------------------
; Table of Contents ;
---------------------
  1. Legal Notice
  2. Analysis & Synthesis Summary
  3. Analysis & Synthesis Settings
  4. Parallel Compilation
  5. Analysis & Synthesis Source Files Read
  6. Analysis & Synthesis Resource Usage Summary
  7. Analysis & Synthesis Resource Utilization by Entity
  8. Registers Removed During Synthesis
  9. General Register Statistics
 10. Inverted Register Statistics
 11. Port Connectivity Checks: "conv_HEX_7SEG_v:decB1"
 12. Port Connectivity Checks: "conv_HEX_7SEG_v:decB0"
 13. Port Connectivity Checks: "conv_HEX_7SEG_v:decA1"
 14. Port Connectivity Checks: "conv_HEX_7SEG_v:decA0"
 15. Port Connectivity Checks: "PISOtoSIPOmod8:aa0|reg8bit:regout"
 16. Port Connectivity Checks: "PISOtoSIPOmod8:aa0|reg8bit:regin"
 17. Port Connectivity Checks: "PISOtoSIPOmod8:aa0|countMOD8:count00"
 18. Port Connectivity Checks: "PISOtoSIPOmod8:aa0|SIPOreg:sipo00"
 19. Post-Synthesis Netlist Statistics for Top Partition
 20. Elapsed Time Per Partition
 21. Analysis & Synthesis Messages



----------------
; Legal Notice ;
----------------
Copyright (C) 2018  Intel Corporation. All rights reserved.
Your use of Intel Corporation's design tools, logic functions 
and other software and tools, and its AMPP partner logic 
functions, and any output files from any of the foregoing 
(including device programming or simulation files), and any 
associated documentation or information are expressly subject 
to the terms and conditions of the Intel Program License 
Subscription Agreement, the Intel Quartus Prime License Agreement,
the Intel FPGA IP License Agreement, or other applicable license
agreement, including, without limitation, that your use is for
the sole purpose of programming logic devices manufactured by
Intel and sold by Intel or its authorized distributors.  Please
refer to the applicable agreement for further details.



+----------------------------------------------------------------------------------+
; Analysis & Synthesis Summary                                                     ;
+------------------------------------+---------------------------------------------+
; Analysis & Synthesis Status        ; Successful - Thu Sep 28 15:07:33 2023       ;
; Quartus Prime Version              ; 18.1.0 Build 625 09/12/2018 SJ Lite Edition ;
; Revision Name                      ; lab_03                                      ;
; Top-level Entity Name              ; PISOtoSIPOmod8dec                           ;
; Family                             ; MAX 10                                      ;
; Total logic elements               ; 123                                         ;
;     Total combinational functions  ; 99                                          ;
;     Dedicated logic registers      ; 69                                          ;
; Total registers                    ; 69                                          ;
; Total pins                         ; 52                                          ;
; Total virtual pins                 ; 0                                           ;
; Total memory bits                  ; 0                                           ;
; Embedded Multiplier 9-bit elements ; 0                                           ;
; Total PLLs                         ; 0                                           ;
; UFM blocks                         ; 0                                           ;
; ADC blocks                         ; 0                                           ;
+------------------------------------+---------------------------------------------+


+------------------------------------------------------------------------------------------------------------+
; Analysis & Synthesis Settings                                                                              ;
+------------------------------------------------------------------+--------------------+--------------------+
; Option                                                           ; Setting            ; Default Value      ;
+------------------------------------------------------------------+--------------------+--------------------+
; Device                                                           ; 10M50DAF484C7G     ;                    ;
; Top-level entity name                                            ; PISOtoSIPOmod8dec  ; lab_03             ;
; Family name                                                      ; MAX 10             ; Cyclone V          ;
; Use smart compilation                                            ; Off                ; Off                ;
; Enable parallel Assembler and Timing Analyzer during compilation ; On                 ; On                 ;
; Enable compact report table                                      ; Off                ; Off                ;
; Restructure Multiplexers                                         ; Auto               ; Auto               ;
; Create Debugging Nodes for IP Cores                              ; Off                ; Off                ;
; Preserve fewer node names                                        ; On                 ; On                 ;
; Intel FPGA IP Evaluation Mode                                    ; Enable             ; Enable             ;
; Verilog Version                                                  ; Verilog_2001       ; Verilog_2001       ;
; VHDL Version                                                     ; VHDL_1993          ; VHDL_1993          ;
; State Machine Processing                                         ; Auto               ; Auto               ;
; Safe State Machine                                               ; Off                ; Off                ;
; Extract Verilog State Machines                                   ; On                 ; On                 ;
; Extract VHDL State Machines                                      ; On                 ; On                 ;
; Ignore Verilog initial constructs                                ; Off                ; Off                ;
; Iteration limit for constant Verilog loops                       ; 5000               ; 5000               ;
; Iteration limit for non-constant Verilog loops                   ; 250                ; 250                ;
; Add Pass-Through Logic to Inferred RAMs                          ; On                 ; On                 ;
; Infer RAMs from Raw Logic                                        ; On                 ; On                 ;
; Parallel Synthesis                                               ; On                 ; On                 ;
; DSP Block Balancing                                              ; Auto               ; Auto               ;
; NOT Gate Push-Back                                               ; On                 ; On                 ;
; Power-Up Don't Care                                              ; On                 ; On                 ;
; Remove Redundant Logic Cells                                     ; Off                ; Off                ;
; Remove Duplicate Registers                                       ; On                 ; On                 ;
; Ignore CARRY Buffers                                             ; Off                ; Off                ;
; Ignore CASCADE Buffers                                           ; Off                ; Off                ;
; Ignore GLOBAL Buffers                                            ; Off                ; Off                ;
; Ignore ROW GLOBAL Buffers                                        ; Off                ; Off                ;
; Ignore LCELL Buffers                                             ; Off                ; Off                ;
; Ignore SOFT Buffers                                              ; On                 ; On                 ;
; Limit AHDL Integers to 32 Bits                                   ; Off                ; Off                ;
; Optimization Technique                                           ; Balanced           ; Balanced           ;
; Carry Chain Length                                               ; 70                 ; 70                 ;
; Auto Carry Chains                                                ; On                 ; On                 ;
; Auto Open-Drain Pins                                             ; On                 ; On                 ;
; Perform WYSIWYG Primitive Resynthesis                            ; Off                ; Off                ;
; Auto ROM Replacement                                             ; On                 ; On                 ;
; Auto RAM Replacement                                             ; On                 ; On                 ;
; Auto DSP Block Replacement                                       ; On                 ; On                 ;
; Auto Shift Register Replacement                                  ; Auto               ; Auto               ;
; Allow Shift Register Merging across Hierarchies                  ; Auto               ; Auto               ;
; Auto Clock Enable Replacement                                    ; On                 ; On                 ;
; Strict RAM Replacement                                           ; Off                ; Off                ;
; Allow Synchronous Control Signals                                ; On                 ; On                 ;
; Force Use of Synchronous Clear Signals                           ; Off                ; Off                ;
; Auto RAM Block Balancing                                         ; On                 ; On                 ;
; Auto RAM to Logic Cell Conversion                                ; Off                ; Off                ;
; Auto Resource Sharing                                            ; Off                ; Off                ;
; Allow Any RAM Size For Recognition                               ; Off                ; Off                ;
; Allow Any ROM Size For Recognition                               ; Off                ; Off                ;
; Allow Any Shift Register Size For Recognition                    ; Off                ; Off                ;
; Use LogicLock Constraints during Resource Balancing              ; On                 ; On                 ;
; Ignore translate_off and synthesis_off directives                ; Off                ; Off                ;
; Timing-Driven Synthesis                                          ; On                 ; On                 ;
; Report Parameter Settings                                        ; On                 ; On                 ;
; Report Source Assignments                                        ; On                 ; On                 ;
; Report Connectivity Checks                                       ; On                 ; On                 ;
; Ignore Maximum Fan-Out Assignments                               ; Off                ; Off                ;
; Synchronization Register Chain Length                            ; 2                  ; 2                  ;
; Power Optimization During Synthesis                              ; Normal compilation ; Normal compilation ;
; HDL message level                                                ; Level2             ; Level2             ;
; Suppress Register Optimization Related Messages                  ; Off                ; Off                ;
; Number of Removed Registers Reported in Synthesis Report         ; 5000               ; 5000               ;
; Number of Swept Nodes Reported in Synthesis Report               ; 5000               ; 5000               ;
; Number of Inverted Registers Reported in Synthesis Report        ; 100                ; 100                ;
; Clock MUX Protection                                             ; On                 ; On                 ;
; Auto Gated Clock Conversion                                      ; Off                ; Off                ;
; Block Design Naming                                              ; Auto               ; Auto               ;
; SDC constraint protection                                        ; Off                ; Off                ;
; Synthesis Effort                                                 ; Auto               ; Auto               ;
; Shift Register Replacement - Allow Asynchronous Clear Signal     ; On                 ; On                 ;
; Pre-Mapping Resynthesis Optimization                             ; Off                ; Off                ;
; Analysis & Synthesis Message Level                               ; Medium             ; Medium             ;
; Disable Register Merging Across Hierarchies                      ; Auto               ; Auto               ;
; Resource Aware Inference For Block RAM                           ; On                 ; On                 ;
+------------------------------------------------------------------+--------------------+--------------------+


+------------------------------------------+
; Parallel Compilation                     ;
+----------------------------+-------------+
; Processors                 ; Number      ;
+----------------------------+-------------+
; Number detected on machine ; 20          ;
; Maximum allowed            ; 14          ;
;                            ;             ;
; Average used               ; 1.00        ;
; Maximum used               ; 14          ;
;                            ;             ;
; Usage by Processor         ; % Time Used ;
;     Processor 1            ; 100.0%      ;
;     Processor 2            ;   0.0%      ;
;     Processors 3-14        ;   0.0%      ;
+----------------------------+-------------+


+--------------------------------------------------------------------------------------------------------------------------------------------------------+
; Analysis & Synthesis Source Files Read                                                                                                                 ;
+----------------------------------+-----------------+-----------------+-----------------------------------------------------------------------+---------+
; File Name with User-Entered Path ; Used in Netlist ; File Type       ; File Name with Absolute Path                                          ; Library ;
+----------------------------------+-----------------+-----------------+-----------------------------------------------------------------------+---------+
; Timing_Reference.vhd             ; yes             ; User VHDL File  ; /home/ehg2004/intelFPGA_lite/projects/lab_03_01/Timing_Reference.vhd  ;         ;
; conv_HEX_7SEG_v.vhd              ; yes             ; User VHDL File  ; /home/ehg2004/intelFPGA_lite/projects/lab_03_01/conv_HEX_7SEG_v.vhd   ;         ;
; PISOreg.vhd                      ; yes             ; User VHDL File  ; /home/ehg2004/intelFPGA_lite/projects/lab_03_01/PISOreg.vhd           ;         ;
; countMOD8.vhd                    ; yes             ; User VHDL File  ; /home/ehg2004/intelFPGA_lite/projects/lab_03_01/countMOD8.vhd         ;         ;
; SIPOreg.vhd                      ; yes             ; User VHDL File  ; /home/ehg2004/intelFPGA_lite/projects/lab_03_01/SIPOreg.vhd           ;         ;
; PISOtoSIPOmod8.vhd               ; yes             ; User VHDL File  ; /home/ehg2004/intelFPGA_lite/projects/lab_03_01/PISOtoSIPOmod8.vhd    ;         ;
; reg8bit.vhd                      ; yes             ; User VHDL File  ; /home/ehg2004/intelFPGA_lite/projects/lab_03_01/reg8bit.vhd           ;         ;
; PISOtoSIPOmod8dec.vhd            ; yes             ; User VHDL File  ; /home/ehg2004/intelFPGA_lite/projects/lab_03_01/PISOtoSIPOmod8dec.vhd ;         ;
+----------------------------------+-----------------+-----------------+-----------------------------------------------------------------------+---------+


+---------------------------------------------------------+
; Analysis & Synthesis Resource Usage Summary             ;
+---------------------------------------------+-----------+
; Resource                                    ; Usage     ;
+---------------------------------------------+-----------+
; Estimated Total logic elements              ; 123       ;
;                                             ;           ;
; Total combinational functions               ; 99        ;
; Logic element usage by number of LUT inputs ;           ;
;     -- 4 input functions                    ; 39        ;
;     -- 3 input functions                    ; 22        ;
;     -- <=2 input functions                  ; 38        ;
;                                             ;           ;
; Logic elements by mode                      ;           ;
;     -- normal mode                          ; 68        ;
;     -- arithmetic mode                      ; 31        ;
;                                             ;           ;
; Total registers                             ; 69        ;
;     -- Dedicated logic registers            ; 69        ;
;     -- I/O registers                        ; 0         ;
;                                             ;           ;
; I/O pins                                    ; 52        ;
;                                             ;           ;
; Embedded Multiplier 9-bit elements          ; 0         ;
;                                             ;           ;
; Maximum fan-out node                        ; clk~input ;
; Maximum fan-out                             ; 33        ;
; Total fan-out                               ; 521       ;
; Average fan-out                             ; 1.92      ;
+---------------------------------------------+-----------+


+------------------------------------------------------------------------------------------------------------------------------------------------------------------------------------------------------------------------------------------------------------------------------+
; Analysis & Synthesis Resource Utilization by Entity                                                                                                                                                                                                                          ;
+----------------------------+---------------------+---------------------------+-------------+------------+--------------+---------+-----------+------+--------------+------------+---------------------------------------------------------+-------------------+--------------+
; Compilation Hierarchy Node ; Combinational ALUTs ; Dedicated Logic Registers ; Memory Bits ; UFM Blocks ; DSP Elements ; DSP 9x9 ; DSP 18x18 ; Pins ; Virtual Pins ; ADC blocks ; Full Hierarchy Name                                     ; Entity Name       ; Library Name ;
+----------------------------+---------------------+---------------------------+-------------+------------+--------------+---------+-----------+------+--------------+------------+---------------------------------------------------------+-------------------+--------------+
; |PISOtoSIPOmod8dec         ; 99 (0)              ; 69 (0)                    ; 0           ; 0          ; 0            ; 0       ; 0         ; 52   ; 0            ; 0          ; |PISOtoSIPOmod8dec                                      ; PISOtoSIPOmod8dec ; work         ;
;    |PISOtoSIPOmod8:aa0|    ; 15 (4)              ; 36 (1)                    ; 0           ; 0          ; 0            ; 0       ; 0         ; 0    ; 0            ; 0          ; |PISOtoSIPOmod8dec|PISOtoSIPOmod8:aa0                   ; PISOtoSIPOmod8    ; work         ;
;       |PISOreg:piso00|     ; 8 (8)               ; 8 (8)                     ; 0           ; 0          ; 0            ; 0       ; 0         ; 0    ; 0            ; 0          ; |PISOtoSIPOmod8dec|PISOtoSIPOmod8:aa0|PISOreg:piso00    ; PISOreg           ; work         ;
;       |SIPOreg:sipo00|     ; 0 (0)               ; 8 (8)                     ; 0           ; 0          ; 0            ; 0       ; 0         ; 0    ; 0            ; 0          ; |PISOtoSIPOmod8dec|PISOtoSIPOmod8:aa0|SIPOreg:sipo00    ; SIPOreg           ; work         ;
;       |countMOD8:count00|  ; 3 (3)               ; 3 (3)                     ; 0           ; 0          ; 0            ; 0       ; 0         ; 0    ; 0            ; 0          ; |PISOtoSIPOmod8dec|PISOtoSIPOmod8:aa0|countMOD8:count00 ; countMOD8         ; work         ;
;       |reg8bit:regin|      ; 0 (0)               ; 8 (8)                     ; 0           ; 0          ; 0            ; 0       ; 0         ; 0    ; 0            ; 0          ; |PISOtoSIPOmod8dec|PISOtoSIPOmod8:aa0|reg8bit:regin     ; reg8bit           ; work         ;
;       |reg8bit:regout|     ; 0 (0)               ; 8 (8)                     ; 0           ; 0          ; 0            ; 0       ; 0         ; 0    ; 0            ; 0          ; |PISOtoSIPOmod8dec|PISOtoSIPOmod8:aa0|reg8bit:regout    ; reg8bit           ; work         ;
;    |Timing_Reference:tr0|  ; 56 (56)             ; 33 (33)                   ; 0           ; 0          ; 0            ; 0       ; 0         ; 0    ; 0            ; 0          ; |PISOtoSIPOmod8dec|Timing_Reference:tr0                 ; Timing_Reference  ; work         ;
;    |conv_HEX_7SEG_v:decA0| ; 7 (7)               ; 0 (0)                     ; 0           ; 0          ; 0            ; 0       ; 0         ; 0    ; 0            ; 0          ; |PISOtoSIPOmod8dec|conv_HEX_7SEG_v:decA0                ; conv_HEX_7SEG_v   ; work         ;
;    |conv_HEX_7SEG_v:decA1| ; 7 (7)               ; 0 (0)                     ; 0           ; 0          ; 0            ; 0       ; 0         ; 0    ; 0            ; 0          ; |PISOtoSIPOmod8dec|conv_HEX_7SEG_v:decA1                ; conv_HEX_7SEG_v   ; work         ;
;    |conv_HEX_7SEG_v:decB0| ; 7 (7)               ; 0 (0)                     ; 0           ; 0          ; 0            ; 0       ; 0         ; 0    ; 0            ; 0          ; |PISOtoSIPOmod8dec|conv_HEX_7SEG_v:decB0                ; conv_HEX_7SEG_v   ; work         ;
;    |conv_HEX_7SEG_v:decB1| ; 7 (7)               ; 0 (0)                     ; 0           ; 0          ; 0            ; 0       ; 0         ; 0    ; 0            ; 0          ; |PISOtoSIPOmod8dec|conv_HEX_7SEG_v:decB1                ; conv_HEX_7SEG_v   ; work         ;
+----------------------------+---------------------+---------------------------+-------------+------------+--------------+---------+-----------+------+--------------+------------+---------------------------------------------------------+-------------------+--------------+
Note: For table entries with two numbers listed, the numbers in parentheses indicate the number of resources of the given type used by the specific entity alone. The numbers listed outside of parentheses indicate the total resources of the given type used by the specific entity and all of its sub-entities in the hierarchy.


+-------------------------------------------------------------------------------+
; Registers Removed During Synthesis                                            ;
+---------------------------------------+---------------------------------------+
; Register name                         ; Reason for Removal                    ;
+---------------------------------------+---------------------------------------+
; PISOtoSIPOmod8:aa0|dff00              ; Stuck at VCC due to stuck port preset ;
; Total Number of Removed Registers = 1 ;                                       ;
+---------------------------------------+---------------------------------------+


+------------------------------------------------------+
; General Register Statistics                          ;
+----------------------------------------------+-------+
; Statistic                                    ; Value ;
+----------------------------------------------+-------+
; Total registers                              ; 69    ;
; Number of registers using Synchronous Clear  ; 0     ;
; Number of registers using Synchronous Load   ; 0     ;
; Number of registers using Asynchronous Clear ; 1     ;
; Number of registers using Asynchronous Load  ; 0     ;
; Number of registers using Clock Enable       ; 0     ;
; Number of registers using Preset             ; 0     ;
+----------------------------------------------+-------+


+--------------------------------------------------+
; Inverted Register Statistics                     ;
+----------------------------------------+---------+
; Inverted Register                      ; Fan out ;
+----------------------------------------+---------+
; Timing_Reference:tr0|count[0]          ; 2       ;
; Total number of inverted registers = 1 ;         ;
+----------------------------------------+---------+


+---------------------------------------------------+
; Port Connectivity Checks: "conv_HEX_7SEG_v:decB1" ;
+--------+-------+----------+-----------------------+
; Port   ; Type  ; Severity ; Details               ;
+--------+-------+----------+-----------------------+
; ph     ; Input ; Info     ; Stuck at GND          ;
; dot_in ; Input ; Info     ; Stuck at GND          ;
+--------+-------+----------+-----------------------+


+---------------------------------------------------+
; Port Connectivity Checks: "conv_HEX_7SEG_v:decB0" ;
+--------+-------+----------+-----------------------+
; Port   ; Type  ; Severity ; Details               ;
+--------+-------+----------+-----------------------+
; ph     ; Input ; Info     ; Stuck at GND          ;
; dot_in ; Input ; Info     ; Stuck at GND          ;
+--------+-------+----------+-----------------------+


+---------------------------------------------------+
; Port Connectivity Checks: "conv_HEX_7SEG_v:decA1" ;
+--------+-------+----------+-----------------------+
; Port   ; Type  ; Severity ; Details               ;
+--------+-------+----------+-----------------------+
; ph     ; Input ; Info     ; Stuck at GND          ;
; dot_in ; Input ; Info     ; Stuck at GND          ;
+--------+-------+----------+-----------------------+


+---------------------------------------------------+
; Port Connectivity Checks: "conv_HEX_7SEG_v:decA0" ;
+--------+-------+----------+-----------------------+
; Port   ; Type  ; Severity ; Details               ;
+--------+-------+----------+-----------------------+
; ph     ; Input ; Info     ; Stuck at GND          ;
; dot_in ; Input ; Info     ; Stuck at GND          ;
+--------+-------+----------+-----------------------+


+---------------------------------------------------------------+
; Port Connectivity Checks: "PISOtoSIPOmod8:aa0|reg8bit:regout" ;
+------+-------+----------+-------------------------------------+
; Port ; Type  ; Severity ; Details                             ;
+------+-------+----------+-------------------------------------+
; prn  ; Input ; Info     ; Stuck at VCC                        ;
; clrn ; Input ; Info     ; Stuck at VCC                        ;
+------+-------+----------+-------------------------------------+


+--------------------------------------------------------------+
; Port Connectivity Checks: "PISOtoSIPOmod8:aa0|reg8bit:regin" ;
+------+-------+----------+------------------------------------+
; Port ; Type  ; Severity ; Details                            ;
+------+-------+----------+------------------------------------+
; prn  ; Input ; Info     ; Stuck at VCC                       ;
; clrn ; Input ; Info     ; Stuck at VCC                       ;
+------+-------+----------+------------------------------------+


+-------------------------------------------------------------------------------------------------------------------+
; Port Connectivity Checks: "PISOtoSIPOmod8:aa0|countMOD8:count00"                                                  ;
+---------+--------+----------+-------------------------------------------------------------------------------------+
; Port    ; Type   ; Severity ; Details                                                                             ;
+---------+--------+----------+-------------------------------------------------------------------------------------+
; q[1..0] ; Output ; Info     ; Connected to dangling logic. Logic that only feeds a dangling port will be removed. ;
+---------+--------+----------+-------------------------------------------------------------------------------------+


+---------------------------------------------------------------+
; Port Connectivity Checks: "PISOtoSIPOmod8:aa0|SIPOreg:sipo00" ;
+------+-------+----------+-------------------------------------+
; Port ; Type  ; Severity ; Details                             ;
+------+-------+----------+-------------------------------------+
; oe   ; Input ; Info     ; Stuck at VCC                        ;
+------+-------+----------+-------------------------------------+


+-----------------------------------------------------+
; Post-Synthesis Netlist Statistics for Top Partition ;
+-----------------------+-----------------------------+
; Type                  ; Count                       ;
+-----------------------+-----------------------------+
; boundary_port         ; 52                          ;
; cycloneiii_ff         ; 69                          ;
;     CLR               ; 1                           ;
;     plain             ; 68                          ;
; cycloneiii_lcell_comb ; 100                         ;
;     arith             ; 31                          ;
;         2 data inputs ; 31                          ;
;     normal            ; 69                          ;
;         0 data inputs ; 1                           ;
;         1 data inputs ; 5                           ;
;         2 data inputs ; 2                           ;
;         3 data inputs ; 22                          ;
;         4 data inputs ; 39                          ;
;                       ;                             ;
; Max LUT depth         ; 4.30                        ;
; Average LUT depth     ; 2.31                        ;
+-----------------------+-----------------------------+


+-------------------------------+
; Elapsed Time Per Partition    ;
+----------------+--------------+
; Partition Name ; Elapsed Time ;
+----------------+--------------+
; Top            ; 00:00:00     ;
+----------------+--------------+


+-------------------------------+
; Analysis & Synthesis Messages ;
+-------------------------------+
Info: *******************************************************************
Info: Running Quartus Prime Analysis & Synthesis
    Info: Version 18.1.0 Build 625 09/12/2018 SJ Lite Edition
    Info: Processing started: Thu Sep 28 15:07:26 2023
Info: Command: quartus_map --read_settings_files=on --write_settings_files=off lab_03 -c lab_03
Warning (18236): Number of processors has not been specified which may cause overloading on shared machines.  Set the global assignment NUM_PARALLEL_PROCESSORS in your QSF to an appropriate value for best performance.
Info (20030): Parallel compilation is enabled and will use 14 of the 14 processors detected
Info (12021): Found 2 design units, including 1 entities, in source file Timing_Reference.vhd
    Info (12022): Found design unit 1: Timing_Reference-freq_div File: /home/ehg2004/intelFPGA_lite/projects/lab_03_01/Timing_Reference.vhd Line: 11
    Info (12023): Found entity 1: Timing_Reference File: /home/ehg2004/intelFPGA_lite/projects/lab_03_01/Timing_Reference.vhd Line: 5
Info (12021): Found 2 design units, including 1 entities, in source file conv_HEX_7SEG_v.vhd
    Info (12022): Found design unit 1: conv_HEX_7SEG_v-conv_HEX_7SEG_v_arch File: /home/ehg2004/intelFPGA_lite/projects/lab_03_01/conv_HEX_7SEG_v.vhd Line: 12
    Info (12023): Found entity 1: conv_HEX_7SEG_v File: /home/ehg2004/intelFPGA_lite/projects/lab_03_01/conv_HEX_7SEG_v.vhd Line: 4
Info (12021): Found 2 design units, including 1 entities, in source file mux1bit.vhd
    Info (12022): Found design unit 1: mux1bit-mux1bit_arch File: /home/ehg2004/intelFPGA_lite/projects/lab_03_01/mux1bit.vhd Line: 11
    Info (12023): Found entity 1: mux1bit File: /home/ehg2004/intelFPGA_lite/projects/lab_03_01/mux1bit.vhd Line: 4
Info (12021): Found 2 design units, including 1 entities, in source file PISOreg.vhd
    Info (12022): Found design unit 1: PISOreg-PISOreg_arch File: /home/ehg2004/intelFPGA_lite/projects/lab_03_01/PISOreg.vhd Line: 12
    Info (12023): Found entity 1: PISOreg File: /home/ehg2004/intelFPGA_lite/projects/lab_03_01/PISOreg.vhd Line: 4
Info (12021): Found 2 design units, including 1 entities, in source file countMOD8.vhd
    Info (12022): Found design unit 1: countMOD8-countMOD8_arch File: /home/ehg2004/intelFPGA_lite/projects/lab_03_01/countMOD8.vhd Line: 11
    Info (12023): Found entity 1: countMOD8 File: /home/ehg2004/intelFPGA_lite/projects/lab_03_01/countMOD8.vhd Line: 4
Info (12021): Found 2 design units, including 1 entities, in source file SIPOreg.vhd
    Info (12022): Found design unit 1: SIPOreg-SIPOreg_arch File: /home/ehg2004/intelFPGA_lite/projects/lab_03_01/SIPOreg.vhd Line: 11
    Info (12023): Found entity 1: SIPOreg File: /home/ehg2004/intelFPGA_lite/projects/lab_03_01/SIPOreg.vhd Line: 4
Info (12021): Found 2 design units, including 1 entities, in source file PISOtoSIPOmod8.vhd
    Info (12022): Found design unit 1: PISOtoSIPOmod8-PISOtoSIPOmod8_arch File: /home/ehg2004/intelFPGA_lite/projects/lab_03_01/PISOtoSIPOmod8.vhd Line: 16
    Info (12023): Found entity 1: PISOtoSIPOmod8 File: /home/ehg2004/intelFPGA_lite/projects/lab_03_01/PISOtoSIPOmod8.vhd Line: 4
Info (12021): Found 2 design units, including 1 entities, in source file reg8bit.vhd
    Info (12022): Found design unit 1: reg8bit-reg8bit_arch File: /home/ehg2004/intelFPGA_lite/projects/lab_03_01/reg8bit.vhd Line: 12
    Info (12023): Found entity 1: reg8bit File: /home/ehg2004/intelFPGA_lite/projects/lab_03_01/reg8bit.vhd Line: 4
Info (12021): Found 2 design units, including 1 entities, in source file PISOtoSIPOmod8dec.vhd
    Info (12022): Found design unit 1: PISOtoSIPOmod8dec-PISOtoSIPOmod8dec_arch File: /home/ehg2004/intelFPGA_lite/projects/lab_03_01/PISOtoSIPOmod8dec.vhd Line: 13
    Info (12023): Found entity 1: PISOtoSIPOmod8dec File: /home/ehg2004/intelFPGA_lite/projects/lab_03_01/PISOtoSIPOmod8dec.vhd Line: 4
Info (12127): Elaborating entity "PISOtoSIPOmod8dec" for the top level hierarchy
Info (12128): Elaborating entity "PISOtoSIPOmod8" for hierarchy "PISOtoSIPOmod8:aa0" File: /home/ehg2004/intelFPGA_lite/projects/lab_03_01/PISOtoSIPOmod8dec.vhd Line: 45
Info (12128): Elaborating entity "PISOreg" for hierarchy "PISOtoSIPOmod8:aa0|PISOreg:piso00" File: /home/ehg2004/intelFPGA_lite/projects/lab_03_01/PISOtoSIPOmod8.vhd Line: 71
Info (12128): Elaborating entity "SIPOreg" for hierarchy "PISOtoSIPOmod8:aa0|SIPOreg:sipo00" File: /home/ehg2004/intelFPGA_lite/projects/lab_03_01/PISOtoSIPOmod8.vhd Line: 77
Info (12128): Elaborating entity "countMOD8" for hierarchy "PISOtoSIPOmod8:aa0|countMOD8:count00" File: /home/ehg2004/intelFPGA_lite/projects/lab_03_01/PISOtoSIPOmod8.vhd Line: 83
Info (12128): Elaborating entity "reg8bit" for hierarchy "PISOtoSIPOmod8:aa0|reg8bit:regin" File: /home/ehg2004/intelFPGA_lite/projects/lab_03_01/PISOtoSIPOmod8.vhd Line: 114
Info (12128): Elaborating entity "Timing_Reference" for hierarchy "Timing_Reference:tr0" File: /home/ehg2004/intelFPGA_lite/projects/lab_03_01/PISOtoSIPOmod8dec.vhd Line: 53
Warning (10492): VHDL Process Statement warning at Timing_Reference.vhd(27): signal "tmp" is read inside the Process Statement but isn't in the Process Statement's sensitivity list File: /home/ehg2004/intelFPGA_lite/projects/lab_03_01/Timing_Reference.vhd Line: 27
Info (12128): Elaborating entity "conv_HEX_7SEG_v" for hierarchy "conv_HEX_7SEG_v:decA0" File: /home/ehg2004/intelFPGA_lite/projects/lab_03_01/PISOtoSIPOmod8dec.vhd Line: 58
Warning (13004): Presettable and clearable registers converted to equivalent circuits with latches. Registers power-up to an undefined state, and DEVCLRn places the registers in an undefined state.
    Warning (13310): Register "PISOtoSIPOmod8:aa0|dff01" is converted into an equivalent circuit using register "PISOtoSIPOmod8:aa0|dff01~_emulated" and latch "PISOtoSIPOmod8:aa0|dff01~1" File: /home/ehg2004/intelFPGA_lite/projects/lab_03_01/PISOtoSIPOmod8.vhd Line: 107
Warning (13024): Output pins are stuck at VCC or GND
    Warning (13410): Pin "A0_out[7]" is stuck at VCC File: /home/ehg2004/intelFPGA_lite/projects/lab_03_01/PISOtoSIPOmod8dec.vhd Line: 7
    Warning (13410): Pin "A1_out[7]" is stuck at VCC File: /home/ehg2004/intelFPGA_lite/projects/lab_03_01/PISOtoSIPOmod8dec.vhd Line: 7
    Warning (13410): Pin "B0_out[7]" is stuck at VCC File: /home/ehg2004/intelFPGA_lite/projects/lab_03_01/PISOtoSIPOmod8dec.vhd Line: 7
    Warning (13410): Pin "B1_out[7]" is stuck at VCC File: /home/ehg2004/intelFPGA_lite/projects/lab_03_01/PISOtoSIPOmod8dec.vhd Line: 7
Info (286030): Timing-Driven Synthesis is running
Info (16010): Generating hard_block partition "hard_block:auto_generated_inst"
    Info (16011): Adding 0 node(s), including 0 DDIO, 0 PLL, 0 transceiver and 0 LCELL
Info (21057): Implemented 176 device resources after synthesis - the final resource count might be different
    Info (21058): Implemented 11 input pins
    Info (21059): Implemented 41 output pins
    Info (21061): Implemented 124 logic cells
Info: Quartus Prime Analysis & Synthesis was successful. 0 errors, 9 warnings
    Info: Peak virtual memory: 1031 megabytes
    Info: Processing ended: Thu Sep 28 15:07:33 2023
    Info: Elapsed time: 00:00:07
    Info: Total CPU time (on all processors): 00:00:17


